<?xml version="1.0" encoding="UTF-8"?>
<testng-results ignored="0" total="1" passed="1" failed="0" skipped="0">
  <reporter-output>
  </reporter-output>
  <suite started-at="2023-05-20T16:40:51 IST" name="Default suite" finished-at="2023-05-20T16:45:03 IST" duration-ms="252085">
    <groups>
    </groups>
    <test started-at="2023-05-20T16:40:51 IST" name="Default test" finished-at="2023-05-20T16:45:03 IST" duration-ms="252085">
      <class name="amazon_project.Test_Class">
        <test-method is-config="true" signature="BeforeClass()[pri:0, instance:amazon_project.Test_Class@1e683a3e]" started-at="2023-05-20T16:40:51 IST" name="BeforeClass" finished-at="2023-05-20T16:44:47 IST" duration-ms="235625" status="PASS">
          <reporter-output>
          </reporter-output>
        </test-method> <!-- BeforeClass -->
        <test-method signature="TestA()[pri:0, instance:amazon_project.Test_Class@1e683a3e]" started-at="2023-05-20T16:44:47 IST" name="TestA" finished-at="2023-05-20T16:45:03 IST" duration-ms="16265" status="PASS">
          <reporter-output>
          </reporter-output>
        </test-method> <!-- TestA -->
        <test-method is-config="true" signature="AfterClass()[pri:0, instance:amazon_project.Test_Class@1e683a3e]" started-at="2023-05-20T16:45:03 IST" name="AfterClass" finished-at="2023-05-20T16:45:03 IST" duration-ms="1" status="PASS">
          <reporter-output>
          </reporter-output>
        </test-method> <!-- AfterClass -->
      </class> <!-- amazon_project.Test_Class -->
    </test> <!-- Default test -->
  </suite> <!-- Default suite -->
</testng-results>
